<?xml version="1.0" encoding="UTF-8"?>
<testng-results skipped="0" failed="0" total="1" passed="1">
  <reporter-output>
  </reporter-output>
  <suite name="Default suite" duration-ms="30253" started-at="2013-09-23T09:18:09Z" finished-at="2013-09-23T09:18:39Z">
    <groups>
    </groups>
    <test name="Default test" duration-ms="30253" started-at="2013-09-23T09:18:09Z" finished-at="2013-09-23T09:18:39Z">
      <class name="com.Selenium.Google">
        <test-method status="PASS" signature="setUp()[pri:0, instance:com.Selenium.Google@3e04f69a]" name="setUp" is-config="true" duration-ms="25405" started-at="2013-09-23T14:48:09Z" finished-at="2013-09-23T14:48:35Z">
          <reporter-output>
          </reporter-output>
        </test-method> <!-- setUp -->
        <test-method status="PASS" signature="test()[pri:0, instance:com.Selenium.Google@3e04f69a]" name="test" duration-ms="4606" started-at="2013-09-23T14:48:35Z" finished-at="2013-09-23T14:48:39Z">
          <reporter-output>
          </reporter-output>
        </test-method> <!-- test -->
      </class> <!-- com.Selenium.Google -->
    </test> <!-- Default test -->
  </suite> <!-- Default suite -->
</testng-results>
